d:\kk\code\invaders\invaders\debug\vc142.pdb
d:\kk\code\invaders\invaders\debug\vc142.idb
d:\kk\code\invaders\invaders\debug\tilemap.obj
d:\kk\code\invaders\invaders\debug\tile.obj
d:\kk\code\invaders\invaders\debug\state.obj
d:\kk\code\invaders\invaders\debug\player.obj
d:\kk\code\invaders\invaders\debug\main.obj
d:\kk\code\invaders\invaders\debug\gamestate.obj
d:\kk\code\invaders\invaders\debug\game.obj
d:\kk\code\invaders\invaders\debug\entity.obj
d:\kk\code\invaders\invaders\debug\collision.obj
d:\kk\code\invaders\invaders\debug\bullet.obj
d:\kk\code\invaders\invaders\debug\collider.obj
d:\kk\code\invaders\invaders\debug\platform.obj
d:\kk\code\invaders\invaders\debug\mainmenustate.obj
d:\kk\code\invaders\invaders\debug\button.obj
d:\kk\code\invaders\invaders\debug\enemy.obj
d:\kk\code\invaders\invaders\debug\invaders.pch
d:\kk\code\invaders\invaders\debug\stdafx.obj
d:\kk\code\invaders\debug\invaders.exe
d:\kk\code\invaders\debug\invaders.ilk
d:\kk\code\invaders\debug\invaders.pdb
d:\kk\code\invaders\invaders\debug\gamestate.obj.enc
d:\kk\code\invaders\invaders\debug\mainmenustate.obj.enc
d:\kk\code\invaders\invaders\debug\invaders.tlog\cl.command.1.tlog
d:\kk\code\invaders\invaders\debug\invaders.tlog\cl.read.1.tlog
d:\kk\code\invaders\invaders\debug\invaders.tlog\cl.write.1.tlog
d:\kk\code\invaders\invaders\debug\invaders.tlog\link.command.1.tlog
d:\kk\code\invaders\invaders\debug\invaders.tlog\link.read.1.tlog
d:\kk\code\invaders\invaders\debug\invaders.tlog\link.write.1.tlog
