  GameState.cpp
D:\kk\Code\InVaders\InVaders\GameState.cpp(119,46): warning C4244: '=': conversion from 'T' to 'T', possible loss of data
          with
          [
              T=unsigned int
          ]
          and
          [
              T=float
          ]
D:\kk\Code\InVaders\InVaders\GameState.cpp(120,46): warning C4244: '=': conversion from 'T' to 'T', possible loss of data
          with
          [
              T=unsigned int
          ]
          and
          [
              T=float
          ]
D:\kk\Code\InVaders\InVaders\GameState.cpp(121,85): warning C4244: 'argument': conversion from 'T' to 'T', possible loss of data
          with
          [
              T=unsigned int
          ]
          and
          [
              T=float
          ]
D:\kk\Code\InVaders\InVaders\GameState.cpp(121,58): warning C4244: 'argument': conversion from 'T' to 'T', possible loss of data
          with
          [
              T=unsigned int
          ]
          and
          [
              T=float
          ]
D:\kk\Code\InVaders\InVaders\GameState.cpp(147,35): warning C4244: 'argument': conversion from 'float' to 'unsigned int', possible loss of data
D:\kk\Code\InVaders\InVaders\GameState.cpp(223,163): warning C4244: 'argument': conversion from 'int' to 'float', possible loss of data
D:\kk\Code\InVaders\InVaders\GameState.cpp(224,163): warning C4244: 'argument': conversion from 'int' to 'float', possible loss of data
D:\kk\Code\InVaders\InVaders\GameState.cpp(225,163): warning C4244: 'argument': conversion from 'int' to 'float', possible loss of data
D:\kk\Code\InVaders\InVaders\GameState.cpp(232,165): warning C4244: 'argument': conversion from 'int' to 'float', possible loss of data
D:\kk\Code\InVaders\InVaders\GameState.cpp(233,165): warning C4244: 'argument': conversion from 'int' to 'float', possible loss of data
D:\kk\Code\InVaders\InVaders\GameState.cpp(234,165): warning C4244: 'argument': conversion from 'int' to 'float', possible loss of data
D:\kk\Code\InVaders\InVaders\GameState.cpp(241,165): warning C4244: 'argument': conversion from 'int' to 'float', possible loss of data
D:\kk\Code\InVaders\InVaders\GameState.cpp(242,165): warning C4244: 'argument': conversion from 'int' to 'float', possible loss of data
D:\kk\Code\InVaders\InVaders\GameState.cpp(243,165): warning C4244: 'argument': conversion from 'int' to 'float', possible loss of data
D:\kk\Code\InVaders\InVaders\GameState.cpp(258,165): warning C4244: 'argument': conversion from 'int' to 'float', possible loss of data
D:\kk\Code\InVaders\InVaders\GameState.cpp(259,165): warning C4244: 'argument': conversion from 'int' to 'float', possible loss of data
D:\kk\Code\InVaders\InVaders\GameState.cpp(260,165): warning C4244: 'argument': conversion from 'int' to 'float', possible loss of data
D:\kk\Code\InVaders\InVaders\GameState.cpp(261,165): warning C4244: 'argument': conversion from 'int' to 'float', possible loss of data
D:\kk\Code\InVaders\InVaders\GameState.cpp(268,165): warning C4244: 'argument': conversion from 'int' to 'float', possible loss of data
D:\kk\Code\InVaders\InVaders\GameState.cpp(269,165): warning C4244: 'argument': conversion from 'int' to 'float', possible loss of data
D:\kk\Code\InVaders\InVaders\GameState.cpp(270,165): warning C4244: 'argument': conversion from 'int' to 'float', possible loss of data
D:\kk\Code\InVaders\InVaders\GameState.cpp(277,165): warning C4244: 'argument': conversion from 'int' to 'float', possible loss of data
D:\kk\Code\InVaders\InVaders\GameState.cpp(278,165): warning C4244: 'argument': conversion from 'int' to 'float', possible loss of data
D:\kk\Code\InVaders\InVaders\GameState.cpp(279,165): warning C4244: 'argument': conversion from 'int' to 'float', possible loss of data
D:\kk\Code\InVaders\InVaders\GameState.cpp(286,165): warning C4244: 'argument': conversion from 'int' to 'float', possible loss of data
D:\kk\Code\InVaders\InVaders\GameState.cpp(287,165): warning C4244: 'argument': conversion from 'int' to 'float', possible loss of data
D:\kk\Code\InVaders\InVaders\GameState.cpp(355,20): warning C4018: '<': signed/unsigned mismatch
D:\kk\Code\InVaders\InVaders\GameState.cpp(487,85): warning C4244: '-=': conversion from 'float' to 'int', possible loss of data
D:\kk\Code\InVaders\InVaders\GameState.cpp(574,20): warning C4018: '<': signed/unsigned mismatch
  Player.cpp
D:\kk\Code\InVaders\InVaders\Player.cpp(9,16): warning C4244: '=': conversion from 'float' to 'int', possible loss of data
D:\kk\Code\InVaders\InVaders\Player.cpp(304,47): warning C4244: '+=': conversion from 'double' to 'T', possible loss of data
          with
          [
              T=float
          ]
  Generating Code...
  InVaders.vcxproj -> D:\kk\Code\InVaders\Debug\InVaders.exe
